<?xml version="1.0" encoding="UTF-8"?>
<testng-results ignored="0" total="1" passed="1" failed="0" skipped="0">
  <reporter-output>
  </reporter-output>
  <suite started-at="2023-01-20T12:02:01 IST" name="Default suite" finished-at="2023-01-20T12:02:01 IST" duration-ms="46">
    <groups>
    </groups>
    <test started-at="2023-01-20T12:02:01 IST" name="Default test" finished-at="2023-01-20T12:02:01 IST" duration-ms="46">
      <class name="Practice_Maven.Demo">
        <test-method signature="demo()[pri:0, instance:Practice_Maven.Demo@6c130c45]" started-at="2023-01-20T12:02:01 IST" name="demo" finished-at="2023-01-20T12:02:01 IST" duration-ms="7" status="PASS">
          <reporter-output>
          </reporter-output>
        </test-method> <!-- demo -->
      </class> <!-- Practice_Maven.Demo -->
    </test> <!-- Default test -->
  </suite> <!-- Default suite -->
</testng-results>
