<?xml version="1.0" encoding="UTF-8"?>
<testng-results ignored="0" total="1" passed="1" failed="0" skipped="0">
  <reporter-output>
  </reporter-output>
  <suite started-at="2023-01-18T13:20:24 IST" name="Default suite" finished-at="2023-01-18T13:20:24 IST" duration-ms="73">
    <groups>
    </groups>
    <test started-at="2023-01-18T13:20:24 IST" name="Default test" finished-at="2023-01-18T13:20:24 IST" duration-ms="73">
      <class name="Maven_Screipot.UpdateTest">
        <test-method signature="create()[pri:0, instance:Maven_Screipot.UpdateTest@6c130c45]" started-at="2023-01-18T13:20:24 IST" name="create" finished-at="2023-01-18T13:20:24 IST" duration-ms="12" status="PASS">
          <reporter-output>
          </reporter-output>
        </test-method> <!-- create -->
      </class> <!-- Maven_Screipot.UpdateTest -->
    </test> <!-- Default test -->
  </suite> <!-- Default suite -->
</testng-results>
